<?xml version="1.0" encoding="UTF-8"?>
<!-- Generated by org.testng.reporters.JUnitReportReporter -->
<testsuite hostname="RajithaKumar" name="com.practise.Testone" tests="2" failures="0" timestamp="25 Jun 2017 06:58:18 GMT" time="0.601" errors="0">
  <testcase name="testCaseTwo_Test_One" time="0.285" classname="com.practise.Testone"/>
  <testcase name="testCaseOne_Test_One" time="0.316" classname="com.practise.Testone"/>
</testsuite> <!-- com.practise.Testone -->
