<?xml version="1.0" encoding="UTF-8"?>
<!-- Generated by org.testng.reporters.JUnitReportReporter -->
<testsuite hostname="RajithaKumar" name="com.practise.TestWebElement" tests="4" failures="0" timestamp="23 Jun 2017 18:51:32 GMT" time="53.808" errors="0">
  <testcase name="test2" time="0.425" classname="com.practise.TestWebElement"/>
  <testcase name="test2" time="0.488" classname="com.practise.TestWebElement"/>
  <testcase name="test1" time="25.813" classname="com.practise.TestWebElement"/>
  <testcase name="test1" time="27.082" classname="com.practise.TestWebElement"/>
</testsuite> <!-- com.practise.TestWebElement -->
