<?xml version="1.0" encoding="UTF-8"?>
<!-- Generated by org.testng.reporters.JUnitReportReporter -->
<testsuite hostname="RajithaKumar" name="com.practise.Demo1" tests="1" failures="0" timestamp="1 Jul 2017 16:28:27 GMT" time="8.780" errors="0">
  <testcase name="test1" time="8.780" classname="com.practise.Demo1"/>
</testsuite> <!-- com.practise.Demo1 -->
